<?xml version="1.0" encoding="UTF-8"?>
<testsuite name="library.lv3.usecase.AddNewBookInteractorTest" tests="2" skipped="0" failures="0" errors="0" timestamp="2024-03-28T10:19:52" hostname="kb-vivo" time="0.662">
  <properties/>
  <testcase name="givenIncorrectBook_whenAdd_thenCallRepoAndNotSendEmail()" classname="library.lv3.usecase.AddNewBookInteractorTest" time="0.645"/>
  <testcase name="givenCorrectBook_whenAdd_thenCallRepoAndSendEmail()" classname="library.lv3.usecase.AddNewBookInteractorTest" time="0.016"/>
  <system-out><![CDATA[]]></system-out>
  <system-err><![CDATA[]]></system-err>
</testsuite>
