<?xml version="1.0" encoding="UTF-8"?>
<testsuite name="library.lv3.usecase.AddNewBookInteractorTest" tests="2" skipped="0" failures="0" errors="0" timestamp="2025-04-08T09:58:24" hostname="kb-vivo" time="0.697">
  <properties/>
  <testcase name="givenIncorrectBook_whenAdd_thenCallRepoAndNotSendEmail()" classname="library.lv3.usecase.AddNewBookInteractorTest" time="0.681"/>
  <testcase name="givenCorrectBook_whenAdd_thenCallRepoAndSendEmail()" classname="library.lv3.usecase.AddNewBookInteractorTest" time="0.015"/>
  <system-out><![CDATA[]]></system-out>
  <system-err><![CDATA[]]></system-err>
</testsuite>
